<?xml version="1.0" encoding="UTF-8"?>
<testng-results skipped="0" failed="0" total="1" passed="1">
  <reporter-output>
  </reporter-output>
  <suite name="Default suite" duration-ms="109204" started-at="2018-10-20T07:43:24Z" finished-at="2018-10-20T07:45:13Z">
    <groups>
    </groups>
    <test name="Default test" duration-ms="109204" started-at="2018-10-20T07:43:24Z" finished-at="2018-10-20T07:45:13Z">
      <class name="org.maven.project.sampleproject.testNG.GmailLoginPOMTest">
        <test-method status="PASS" signature="sendingMail()[pri:0, instance:org.maven.project.sampleproject.testNG.GmailLoginPOMTest@4f933fd1]" name="sendingMail" duration-ms="109175" started-at="2018-10-20T13:13:24Z" finished-at="2018-10-20T13:15:13Z">
          <reporter-output>
          </reporter-output>
        </test-method> <!-- sendingMail -->
      </class> <!-- org.maven.project.sampleproject.testNG.GmailLoginPOMTest -->
    </test> <!-- Default test -->
  </suite> <!-- Default suite -->
</testng-results>
