<?xml version="1.0" encoding="UTF-8"?>
<!-- Generated by org.testng.reporters.JUnitXMLReporter -->
<testsuite hostname="VSURE-LAP" name="Default test" tests="2" failures="0" timestamp="6 Oct 2018 10:31:33 GMT" time="0.111" errors="0">
  <testcase name="testOptionParamOne" time="0.033" classname="org.maven.project.sampleproject.testNG.OptionalParamExample"/>
  <testcase name="testOptionParamTwo" time="0.006" classname="org.maven.project.sampleproject.testNG.OptionalParamExample"/>
</testsuite> <!-- Default test -->
