<?xml version="1.0" encoding="UTF-8"?>
<!-- Generated by org.testng.reporters.JUnitXMLReporter -->
<testsuite hostname="VSURE-LAP" name="Test" tests="5" failures="0" timestamp="3 Oct 2018 02:30:06 GMT" time="0.136" errors="0">
  <testcase name="regressiontestcase" time="0.044" classname="org.maven.project.sampleproject.testNG.GroupsDemo"/>
  <testcase name="testcase1" time="0.007" classname="org.maven.project.sampleproject.testNG.GroupsDemo"/>
  <testcase name="testcase11" time="0.004" classname="org.maven.project.sampleproject.testNG.GroupsDemo2"/>
  <testcase name="testcase3" time="0.003" classname="org.maven.project.sampleproject.testNG.GroupsDemo"/>
  <testcase name="testcase13" time="0.006" classname="org.maven.project.sampleproject.testNG.GroupsDemo2"/>
</testsuite> <!-- Test -->
