<?xml version="1.0" encoding="UTF-8"?>
<!-- Generated by org.testng.reporters.JUnitXMLReporter -->
<testsuite hostname="VSURE-LAP" name="Test" tests="2" failures="1" timestamp="2 Oct 2018 02:48:29 GMT" time="49.541" errors="0">
  <testcase name="gmailLogin" time="34.027" classname="org.maven.project.sampleproject.testNG.GmailLoginTest">
    <failure type="java.lang.AssertionError" message="expected [seleniumjava765@gmail.com] but found [seleniumjava75@gmail.com]">
      <![CDATA[java.lang.AssertionError: expected [seleniumjava765@gmail.com] but found [seleniumjava75@gmail.com]
	at org.maven.project.sampleproject.testNG.GmailLoginTest.gmailLogin(GmailLoginTest.java:55)
... Removed 29 stack frames]]>
    </failure>
  </testcase> <!-- gmailLogin -->
  <testcase name="gmailLogout" time="0.001" classname="org.maven.project.sampleproject.testNG.GmailLoginTest">
    <skipped/>
  </testcase> <!-- gmailLogout -->
</testsuite> <!-- Test -->
